 24.  00:
-3 0 -15 0 -31 [0] -31 0 -15 0 -3
[[0]]
13 0 80 0 175 [0] 175 0 80 0 13
[0]
-16 0 -148 0 -376 [0] -376 0 -148 0 -16
[0]
7 0 128 0 404 [0] 404 0 128 0 7
[0]
-1 0 -56 0 -240 [0] -240 0 -56 0 -1
[0]
12 0 80 [0] 80 0 12
[0]
-1 0 -14 [0] -14 0 -1
[0]
1 [0] 1

Jones    : 1 [0] -1
Alexander: [0]
vals:      2   0   0   0   -1   -2   

 24.  00:
-3 0 -15 0 -31 [0] -31 0 -15 0 -3
[[0]]
13 0 80 0 175 [0] 175 0 80 0 13
[0]
-16 0 -148 0 -376 [0] -376 0 -148 0 -16
[0]
7 0 128 0 404 [0] 404 0 128 0 7
[0]
-1 0 -56 0 -240 [0] -240 0 -56 0 -1
[0]
12 0 80 [0] 80 0 12
[0]
-1 0 -14 [0] -14 0 -1
[0]
1 [0] 1

Jones    : 1 [0] -1
Alexander: [0]
vals:      2   0   0   0   -1   -2   

 24.  00:
-3 0 -15 0 -31 [0] -31 0 -15 0 -3
[[0]]
13 0 80 0 175 [0] 175 0 80 0 13
[0]
-16 0 -148 0 -376 [0] -376 0 -148 0 -16
[0]
7 0 128 0 404 [0] 404 0 128 0 7
[0]
-1 0 -56 0 -240 [0] -240 0 -56 0 -1
[0]
12 0 80 [0] 80 0 12
[0]
-1 0 -14 [0] -14 0 -1
[0]
1 [0] 1

Jones    : 1 [0] -1
Alexander: [0]
vals:      2   0   0   0   -1   -2   

 4.  00:
[-1 0 [-1] 0 -1]
[0]
[1]

Jones    : 1 -1 [1] -1 1
Alexander: -1 [3] -1
vals:      6   5   -1   -1   0   -2   

 24.  00:
-3 0 -15 0 -31 [0] -31 0 -15 0 -3
[[0]]
13 0 80 0 175 [0] 175 0 80 0 13
[0]
-16 0 -148 0 -376 [0] -376 0 -148 0 -16
[0]
7 0 128 0 404 [0] 404 0 128 0 7
[0]
-1 0 -56 0 -240 [0] -240 0 -56 0 -1
[0]
12 0 80 [0] 80 0 12
[0]
-1 0 -14 [0] -14 0 -1
[0]
1 [0] 1

Jones    : 1 [0] -1
Alexander: [0]
vals:      2   0   0   0   -1   -2   

 24.  00:
-3 0 -15 0 -31 [0] -31 0 -15 0 -3
[[0]]
13 0 80 0 175 [0] 175 0 80 0 13
[0]
-16 0 -148 0 -376 [0] -376 0 -148 0 -16
[0]
7 0 128 0 404 [0] 404 0 128 0 7
[0]
-1 0 -56 0 -240 [0] -240 0 -56 0 -1
[0]
12 0 80 [0] 80 0 12
[0]
-1 0 -14 [0] -14 0 -1
[0]
1 [0] 1

Jones    : 1 [0] -1
Alexander: [0]
vals:      2   0   0   0   -1   -2   

 24.  00:
-3 0 -15 0 -31 [0] -31 0 -15 0 -3
[[0]]
13 0 80 0 175 [0] 175 0 80 0 13
[0]
-16 0 -148 0 -376 [0] -376 0 -148 0 -16
[0]
7 0 128 0 404 [0] 404 0 128 0 7
[0]
-1 0 -56 0 -240 [0] -240 0 -56 0 -1
[0]
12 0 80 [0] 80 0 12
[0]
-1 0 -14 [0] -14 0 -1
[0]
1 [0] 1

Jones    : 1 [0] -1
Alexander: [0]
vals:      2   0   0   0   -1   -2   

 24.  00:
-3 0 -15 0 -31 [0] -31 0 -15 0 -3
[[0]]
13 0 80 0 175 [0] 175 0 80 0 13
[0]
-16 0 -148 0 -376 [0] -376 0 -148 0 -16
[0]
7 0 128 0 404 [0] 404 0 128 0 7
[0]
-1 0 -56 0 -240 [0] -240 0 -56 0 -1
[0]
12 0 80 [0] 80 0 12
[0]
-1 0 -14 [0] -14 0 -1
[0]
1 [0] 1

Jones    : 1 [0] -1
Alexander: [0]
vals:      2   0   0   0   -1   -2   

 24.  00:
-3 0 -15 0 -31 [0] -31 0 -15 0 -3
[[0]]
13 0 80 0 175 [0] 175 0 80 0 13
[0]
-16 0 -148 0 -376 [0] -376 0 -148 0 -16
[0]
7 0 128 0 404 [0] 404 0 128 0 7
[0]
-1 0 -56 0 -240 [0] -240 0 -56 0 -1
[0]
12 0 80 [0] 80 0 12
[0]
-1 0 -14 [0] -14 0 -1
[0]
1 [0] 1

Jones    : 1 [0] -1
Alexander: [0]
vals:      2   0   0   0   -1   -2   

 22.  00:
-2 0 -11 0 -23 0 -23 0 -11 0 -2 0 0 0 0 0 0 0 0 0 0 [0]
[0]
1 0 25 0 92 0 128 0 75 0 15 0 0 0 0 0 0 0 0 0 0 [0]
[[0]]
-13 0 -125 0 -279 0 -211 0 -44 0 0 0 0 0 0 0 0 0 0 [0]
[0]
2 0 74 0 326 0 344 0 58 0 0 0 0 0 0 0 0 0 0 [0]
[0]
-20 0 -214 0 -358 0 -36 0 0 0 0 0 0 0 0 0 0 [0]
[0]
2 0 77 0 223 0 10 0 0 0 0 0 0 0 0 0 0 [0]
[0]
-14 0 -78 0 -1 0 0 0 0 0 0 0 0 0 0 [0]
[0]
1 0 14 0 0 0 0 0 0 0 0 0 0 0 0 [0]
[0]
-1 0 0 0 0 0 0 0 0 0 0 0 0 [0]

Jones    : -1 0 3 0 -3 0 1 0 0 0 0 0 0 0 0 [0]
Alexander: 1 -3 1 5 -6 3 -1 -5 [10] -5 -1 3 -6 5 1 -3 1
vals:      0   0   0   0   -3   1   

 22.  00:
-1 0 -3 0 0 0 6 0 4 [0]
[[0]]
2 0 7 0 0 0 -15 0 -8 [0]
[0]
-2 0 -6 0 1 0 17 0 5 [0]
[0]
1 0 3 0 -2 0 -8 0 -1 [0]
[0]
-1 0 1 0 1 0 0 [0]

Jones    : 1 -5 14 -28 43 -55 59 -55 45 -29 14 -2 [-3] 2 -1
Alexander: -1 11 -39 75 [-92] 75 -39 11 -1
vals:      -10   344   0   -1   0   1   

 22.  00:
[0] 0 0 0 0 0 0 0 0 2 0 3 0 1
[[0]]
[0] 0 0 0 0 0 0 0 0 -25 0 -34 0 -16 0 -3
[0]
[0] 0 0 0 0 0 0 0 0 57 0 73 0 33 0 4
[0]
[0] 0 0 0 0 0 0 0 0 -49 0 -72 0 -27 0 -1
[0]
[0] 0 0 0 0 0 0 0 0 17 0 38 0 9
[0]
[0] 0 0 0 0 0 0 0 0 -2 0 -10 0 -1
[0]
[0] 0 0 0 0 0 0 0 0 0 0 1

Jones    : [0] 0 0 0 2 -4 5 -5 3 -1 -2 5 -5 4 -3 1
Alexander: -1 5 -8 4 4 -9 [10] -9 4 4 -8 5 -1
vals:      -22   0   0   0   -1   -2   

 24.  00:
-3 0 -15 0 -31 [0] -31 0 -15 0 -3
[[0]]
13 0 80 0 175 [0] 175 0 80 0 13
[0]
-16 0 -148 0 -376 [0] -376 0 -148 0 -16
[0]
7 0 128 0 404 [0] 404 0 128 0 7
[0]
-1 0 -56 0 -240 [0] -240 0 -56 0 -1
[0]
12 0 80 [0] 80 0 12
[0]
-1 0 -14 [0] -14 0 -1
[0]
1 [0] 1

Jones    : 1 [0] -1
Alexander: [0]
vals:      2   0   0   0   -1   -2   

 24.  00:
-3 0 -15 0 -31 [0] -31 0 -15 0 -3
[[0]]
13 0 80 0 175 [0] 175 0 80 0 13
[0]
-16 0 -148 0 -376 [0] -376 0 -148 0 -16
[0]
7 0 128 0 404 [0] 404 0 128 0 7
[0]
-1 0 -56 0 -240 [0] -240 0 -56 0 -1
[0]
12 0 80 [0] 80 0 12
[0]
-1 0 -14 [0] -14 0 -1
[0]
1 [0] 1

Jones    : 1 [0] -1
Alexander: [0]
vals:      2   0   0   0   -1   -2   

